2024-04-26T09:18:16.974Z  [info]  [object Object]
2024-04-26T09:18:33.798Z  [info]  POST
2024-04-26T09:19:24.297Z  [info]  POST
2024-04-26T09:20:42.260Z  [info]  POST
2024-04-26T09:22:53.284Z  [info]  [object Object] [object Object]
2024-04-26T09:23:30.504Z  [info]  /url/ POST [object Object]
2024-04-26T09:24:04.188Z  [info]  POST /url/  undefined
2024-04-26T09:24:24.435Z  [info]  POST /url/  undefined
2024-04-26T09:25:31.561Z  [info]  POST /url/  undefined
2024-04-26T09:25:58.371Z  [info]  POST /url/  undefined
2024-04-26T09:36:02.821Z  [error] Url Not Found
2024-04-26T09:41:12.130Z  [info] undefined undefined 200 ShortUrl Maded
2024-04-26T09:41:50.143Z  [info] undefined undefined 200 ShortUrl Maded
2024-04-26T09:42:16.861Z  [error] undefined undefined 400 Url Not Found
2024-04-26T09:44:06.173Z  [error] undefined undefined 400 Url Not Found
2024-04-26T09:44:21.243Z  [error] undefined undefined 400 Url Not Found
2024-04-26T09:46:17.521Z  [error] undefined undefined 400 Url Not Found
2024-04-26T09:46:38.774Z  [error] undefined undefined 400 Url Not Found
2024-04-26T09:47:04.876Z  [error] undefined undefined 400 Url Not Found
2024-04-26T09:47:36.445Z  [error] undefined undefined 400 Url Not Found
2024-04-26T09:49:20.453Z  [info] undefined undefined 400 Url Not Found
